Performing C SOURCE FILE Test HAVE_THREAD_LOCAL_STORAGE failed with the following output:
Change Dir: /home/spr/Dokumente/simulator/simulatoren_extern/optimize/nlopt/linux/CMakeFiles/CMakeTmp

Run Build Command:"/usr/bin/make" "cmTC_cb53b/fast"
/usr/bin/make -f CMakeFiles/cmTC_cb53b.dir/build.make CMakeFiles/cmTC_cb53b.dir/build
make[1]: Verzeichnis „/home/spr/Dokumente/simulator/simulatoren_extern/optimize/nlopt/linux/CMakeFiles/CMakeTmp“ wird betreten
Building C object CMakeFiles/cmTC_cb53b.dir/src.c.o
/usr/bin/cc    -DHAVE_THREAD_LOCAL_STORAGE   -o CMakeFiles/cmTC_cb53b.dir/src.c.o   -c /home/spr/Dokumente/simulator/simulatoren_extern/optimize/nlopt/linux/CMakeFiles/CMakeTmp/src.c
/home/spr/Dokumente/simulator/simulatoren_extern/optimize/nlopt/linux/CMakeFiles/CMakeTmp/src.c:2:5: warning: return type defaults to ‘int’ [-Wimplicit-int]
     __declspec(thread) int tls;
     ^
/home/spr/Dokumente/simulator/simulatoren_extern/optimize/nlopt/linux/CMakeFiles/CMakeTmp/src.c: In function ‘__declspec’:
/home/spr/Dokumente/simulator/simulatoren_extern/optimize/nlopt/linux/CMakeFiles/CMakeTmp/src.c:4:20: error: expected ‘=’, ‘,’, ‘;’, ‘asm’ or ‘__attribute__’ before ‘{’ token
     int main(void) {
                    ^
/home/spr/Dokumente/simulator/simulatoren_extern/optimize/nlopt/linux/CMakeFiles/CMakeTmp/src.c:2:5: warning: type of ‘thread’ defaults to ‘int’ [-Wimplicit-int]
     __declspec(thread) int tls;
     ^
/home/spr/Dokumente/simulator/simulatoren_extern/optimize/nlopt/linux/CMakeFiles/CMakeTmp/src.c:2:28: error: declaration for parameter ‘tls’ but no such parameter
     __declspec(thread) int tls;
                            ^
/home/spr/Dokumente/simulator/simulatoren_extern/optimize/nlopt/linux/CMakeFiles/CMakeTmp/src.c:6:5: error: expected ‘{’ at end of input
     }
     ^
CMakeFiles/cmTC_cb53b.dir/build.make:65: die Regel für Ziel „CMakeFiles/cmTC_cb53b.dir/src.c.o“ scheiterte
make[1]: *** [CMakeFiles/cmTC_cb53b.dir/src.c.o] Fehler 1
make[1]: Verzeichnis „/home/spr/Dokumente/simulator/simulatoren_extern/optimize/nlopt/linux/CMakeFiles/CMakeTmp“ wird verlassen
Makefile:126: die Regel für Ziel „cmTC_cb53b/fast“ scheiterte
make: *** [cmTC_cb53b/fast] Fehler 2

Source file was:

    __declspec(thread) int tls;

    int main(void) {
        return 0;
    }
Determining if the _LIBCPP_VERSION exist failed with the following output:
Change Dir: /home/spr/Dokumente/simulator/simulatoren_extern/optimize/nlopt/linux/CMakeFiles/CMakeTmp

Run Build Command:"/usr/bin/make" "cmTC_6b571/fast"
/usr/bin/make -f CMakeFiles/cmTC_6b571.dir/build.make CMakeFiles/cmTC_6b571.dir/build
make[1]: Verzeichnis „/home/spr/Dokumente/simulator/simulatoren_extern/optimize/nlopt/linux/CMakeFiles/CMakeTmp“ wird betreten
Building CXX object CMakeFiles/cmTC_6b571.dir/CheckSymbolExists.cxx.o
/usr/bin/c++      -o CMakeFiles/cmTC_6b571.dir/CheckSymbolExists.cxx.o -c /home/spr/Dokumente/simulator/simulatoren_extern/optimize/nlopt/linux/CMakeFiles/CMakeTmp/CheckSymbolExists.cxx
/home/spr/Dokumente/simulator/simulatoren_extern/optimize/nlopt/linux/CMakeFiles/CMakeTmp/CheckSymbolExists.cxx: In function ‘int main(int, char**)’:
/home/spr/Dokumente/simulator/simulatoren_extern/optimize/nlopt/linux/CMakeFiles/CMakeTmp/CheckSymbolExists.cxx:8:19: error: ‘_LIBCPP_VERSION’ was not declared in this scope
   return ((int*)(&_LIBCPP_VERSION))[argc];
                   ^
CMakeFiles/cmTC_6b571.dir/build.make:65: die Regel für Ziel „CMakeFiles/cmTC_6b571.dir/CheckSymbolExists.cxx.o“ scheiterte
make[1]: *** [CMakeFiles/cmTC_6b571.dir/CheckSymbolExists.cxx.o] Fehler 1
make[1]: Verzeichnis „/home/spr/Dokumente/simulator/simulatoren_extern/optimize/nlopt/linux/CMakeFiles/CMakeTmp“ wird verlassen
Makefile:126: die Regel für Ziel „cmTC_6b571/fast“ scheiterte
make: *** [cmTC_6b571/fast] Fehler 2

File /home/spr/Dokumente/simulator/simulatoren_extern/optimize/nlopt/linux/CMakeFiles/CMakeTmp/CheckSymbolExists.cxx:
/* */
#include <string>

int main(int argc, char** argv)
{
  (void)argv;
#ifndef _LIBCPP_VERSION
  return ((int*)(&_LIBCPP_VERSION))[argc];
#else
  (void)argc;
  return 0;
#endif
}

